<?xml version="1.0" encoding="UTF-8"?>
<coverage generated="1789203100768" clover="3.2.0">
  <project timestamp="1789203100769" name="All files">
    <metrics statements="265" coveredstatements="72" conditionals="213" coveredconditionals="47" methods="50" coveredmethods="12" elements="528" coveredelements="131" complexity="0" loc="265" ncloc="265" packages="1" files="3" classes="3"/>
    <file name="FaceDetector.js" path="D:\work_file\tpc\react-native-camera\react-native-camera-sig\src\FaceDetector.js">
      <metrics statements="6" coveredstatements="5" conditionals="2" coveredconditionals="1" methods="3" coveredmethods="1"/>
      <line num="4" count="1" type="stmt"/>
      <line num="6" count="1" type="cond" truecount="1" falsecount="1"/>
      <line num="11" count="0" type="stmt"/>
      <line num="49" count="1" type="stmt"/>
      <line num="56" count="1" type="stmt"/>
      <line num="60" count="1" type="stmt"/>
    </file>
    <file name="RNCamera.js" path="D:\work_file\tpc\react-native-camera\react-native-camera-sig\src\RNCamera.js">
      <metrics statements="259" coveredstatements="67" conditionals="211" coveredconditionals="46" methods="47" coveredmethods="11"/>
      <line num="19" count="4" type="stmt"/>
      <line num="27" count="4" type="stmt"/>
      <line num="33" count="0" type="stmt"/>
      <line num="34" count="0" type="stmt"/>
      <line num="35" count="0" type="cond" truecount="0" falsecount="2"/>
      <line num="36" count="0" type="stmt"/>
      <line num="37" count="0" type="cond" truecount="0" falsecount="2"/>
      <line num="38" count="0" type="stmt"/>
      <line num="42" count="0" type="cond" truecount="0" falsecount="2"/>
      <line num="43" count="0" type="stmt"/>
      <line num="45" count="0" type="stmt"/>
      <line num="47" count="0" type="cond" truecount="0" falsecount="2"/>
      <line num="48" count="0" type="stmt"/>
      <line num="49" count="0" type="cond" truecount="0" falsecount="2"/>
      <line num="50" count="0" type="stmt"/>
      <line num="53" count="0" type="cond" truecount="0" falsecount="2"/>
      <line num="54" count="0" type="cond" truecount="0" falsecount="2"/>
      <line num="55" count="0" type="stmt"/>
      <line num="56" count="0" type="cond" truecount="0" falsecount="2"/>
      <line num="57" count="0" type="cond" truecount="0" falsecount="2"/>
      <line num="58" count="0" type="stmt"/>
      <line num="62" count="0" type="cond" truecount="0" falsecount="2"/>
      <line num="63" count="0" type="stmt"/>
      <line num="65" count="0" type="stmt"/>
      <line num="67" count="0" type="cond" truecount="0" falsecount="2"/>
      <line num="69" count="0" type="stmt"/>
      <line num="75" count="0" type="cond" truecount="0" falsecount="2"/>
      <line num="76" count="0" type="stmt"/>
      <line num="77" count="0" type="cond" truecount="0" falsecount="2"/>
      <line num="78" count="0" type="stmt"/>
      <line num="82" count="0" type="stmt"/>
      <line num="88" count="4" type="stmt"/>
      <line num="317" count="4" type="stmt"/>
      <line num="327" count="4" type="stmt"/>
      <line num="333" count="4" type="stmt"/>
      <line num="397" count="4" type="stmt"/>
      <line num="399" count="4" type="stmt"/>
      <line num="400" count="0" type="stmt"/>
      <line num="401" count="0" type="stmt"/>
      <line num="402" count="0" type="stmt"/>
      <line num="404" count="0" type="stmt"/>
      <line num="408" count="4" type="stmt"/>
      <line num="433" count="4" type="stmt"/>
      <line num="447" count="4" type="stmt"/>
      <line num="509" count="4" type="stmt"/>
      <line num="550" count="12" type="stmt"/>
      <line num="557" count="12" type="stmt"/>
      <line num="558" count="12" type="stmt"/>
      <line num="559" count="12" type="stmt"/>
      <line num="560" count="12" type="stmt"/>
      <line num="561" count="12" type="stmt"/>
      <line num="569" count="0" type="cond" truecount="0" falsecount="2"/>
      <line num="570" count="0" type="stmt"/>
      <line num="572" count="0" type="cond" truecount="0" falsecount="2"/>
      <line num="573" count="0" type="stmt"/>
      <line num="576" count="0" type="cond" truecount="0" falsecount="2"/>
      <line num="577" count="0" type="cond" truecount="0" falsecount="2"/>
      <line num="578" count="0" type="stmt"/>
      <line num="579" count="0" type="stmt"/>
      <line num="580" count="0" type="cond" truecount="0" falsecount="2"/>
      <line num="581" count="0" type="cond" truecount="0" falsecount="2"/>
      <line num="583" count="0" type="stmt"/>
      <line num="589" count="0" type="cond" truecount="0" falsecount="2"/>
      <line num="590" count="0" type="stmt"/>
      <line num="593" count="0" type="cond" truecount="0" falsecount="2"/>
      <line num="594" count="0" type="stmt"/>
      <line num="597" count="0" type="cond" truecount="0" falsecount="2"/>
      <line num="598" count="0" type="stmt"/>
      <line num="601" count="0" type="stmt"/>
      <line num="602" count="0" type="stmt"/>
      <line num="603" count="0" type="stmt"/>
      <line num="604" count="0" type="stmt"/>
      <line num="605" count="0" type="stmt"/>
      <line num="608" count="0" type="stmt"/>
      <line num="611" count="0" type="stmt"/>
      <line num="612" count="0" type="stmt"/>
      <line num="618" count="2" type="cond" truecount="1" falsecount="1"/>
      <line num="619" count="0" type="stmt"/>
      <line num="620" count="2" type="cond" truecount="2" falsecount="0"/>
      <line num="621" count="1" type="stmt"/>
      <line num="623" count="1" type="stmt"/>
      <line num="628" count="1" type="cond" truecount="1" falsecount="1"/>
      <line num="629" count="0" type="stmt"/>
      <line num="630" count="1" type="cond" truecount="1" falsecount="1"/>
      <line num="631" count="0" type="stmt"/>
      <line num="632" count="1" type="cond" truecount="1" falsecount="1"/>
      <line num="633" count="1" type="stmt"/>
      <line num="634" count="1" type="stmt"/>
      <line num="635" count="1" type="stmt"/>
      <line num="636" count="1" type="stmt"/>
      <line num="639" count="0" type="stmt"/>
      <line num="640" count="0" type="stmt"/>
      <line num="647" count="2" type="cond" truecount="1" falsecount="1"/>
      <line num="648" count="0" type="stmt"/>
      <line num="649" count="2" type="cond" truecount="2" falsecount="0"/>
      <line num="650" count="1" type="stmt"/>
      <line num="652" count="1" type="stmt"/>
      <line num="656" count="12" type="stmt"/>
      <line num="657" count="2" type="cond" truecount="1" falsecount="1"/>
      <line num="658" count="0" type="stmt"/>
      <line num="659" count="2" type="cond" truecount="2" falsecount="0"/>
      <line num="660" count="1" type="stmt"/>
      <line num="662" count="1" type="stmt"/>
      <line num="666" count="12" type="stmt"/>
      <line num="668" count="1" type="stmt"/>
      <line num="672" count="0" type="cond" truecount="0" falsecount="4"/>
      <line num="673" count="0" type="stmt"/>
      <line num="674" count="0" type="cond" truecount="0" falsecount="2"/>
      <line num="675" count="0" type="stmt"/>
      <line num="677" count="0" type="cond" truecount="0" falsecount="2"/>
      <line num="678" count="0" type="cond" truecount="0" falsecount="2"/>
      <line num="679" count="0" type="stmt"/>
      <line num="680" count="0" type="stmt"/>
      <line num="681" count="0" type="cond" truecount="0" falsecount="2"/>
      <line num="682" count="0" type="cond" truecount="0" falsecount="2"/>
      <line num="684" count="0" type="stmt"/>
      <line num="690" count="0" type="cond" truecount="0" falsecount="2"/>
      <line num="691" count="0" type="cond" truecount="0" falsecount="4"/>
      <line num="693" count="0" type="stmt"/>
      <line num="697" count="0" type="stmt"/>
      <line num="698" count="0" type="stmt"/>
      <line num="700" count="0" type="cond" truecount="0" falsecount="2"/>
      <line num="704" count="0" type="stmt"/>
      <line num="707" count="0" type="cond" truecount="0" falsecount="2"/>
      <line num="708" count="0" type="cond" truecount="0" falsecount="2"/>
      <line num="713" count="0" type="stmt"/>
      <line num="716" count="0" type="cond" truecount="0" falsecount="2"/>
      <line num="717" count="0" type="stmt"/>
      <line num="720" count="0" type="stmt"/>
      <line num="721" count="0" type="stmt"/>
      <line num="722" count="0" type="stmt"/>
      <line num="723" count="0" type="stmt"/>
      <line num="724" count="0" type="stmt"/>
      <line num="726" count="0" type="stmt"/>
      <line num="729" count="0" type="stmt"/>
      <line num="730" count="0" type="stmt"/>
      <line num="736" count="0" type="cond" truecount="0" falsecount="2"/>
      <line num="737" count="0" type="stmt"/>
      <line num="739" count="0" type="stmt"/>
      <line num="743" count="0" type="cond" truecount="0" falsecount="2"/>
      <line num="744" count="0" type="stmt"/>
      <line num="746" count="0" type="stmt"/>
      <line num="750" count="0" type="cond" truecount="0" falsecount="2"/>
      <line num="751" count="0" type="stmt"/>
      <line num="753" count="0" type="stmt"/>
      <line num="757" count="0" type="cond" truecount="0" falsecount="2"/>
      <line num="758" count="0" type="stmt"/>
      <line num="761" count="0" type="stmt"/>
      <line num="765" count="0" type="cond" truecount="0" falsecount="2"/>
      <line num="766" count="0" type="stmt"/>
      <line num="768" count="0" type="stmt"/>
      <line num="769" count="0" type="stmt"/>
      <line num="770" count="0" type="stmt"/>
      <line num="771" count="0" type="stmt"/>
      <line num="772" count="0" type="stmt"/>
      <line num="774" count="0" type="stmt"/>
      <line num="777" count="0" type="stmt"/>
      <line num="778" count="0" type="stmt"/>
      <line num="784" count="0" type="cond" truecount="0" falsecount="2"/>
      <line num="785" count="0" type="stmt"/>
      <line num="787" count="0" type="stmt"/>
      <line num="790" count="12" type="stmt"/>
      <line num="791" count="0" type="cond" truecount="0" falsecount="2"/>
      <line num="792" count="0" type="stmt"/>
      <line num="796" count="12" type="stmt"/>
      <line num="797" count="0" type="cond" truecount="0" falsecount="2"/>
      <line num="798" count="0" type="stmt"/>
      <line num="802" count="12" type="stmt"/>
      <line num="803" count="0" type="cond" truecount="0" falsecount="2"/>
      <line num="804" count="0" type="stmt"/>
      <line num="807" count="12" type="stmt"/>
      <line num="808" count="3" type="cond" truecount="4" falsecount="0"/>
      <line num="809" count="1" type="stmt"/>
      <line num="811" count="3" type="cond" truecount="4" falsecount="0"/>
      <line num="812" count="1" type="stmt"/>
      <line num="815" count="12" type="stmt"/>
      <line num="816" count="0" type="cond" truecount="0" falsecount="2"/>
      <line num="817" count="0" type="stmt"/>
      <line num="821" count="12" type="stmt"/>
      <line num="822" count="0" type="cond" truecount="0" falsecount="2"/>
      <line num="823" count="0" type="stmt"/>
      <line num="830" count="12" type="stmt"/>
      <line num="831" count="0" type="cond" truecount="0" falsecount="2"/>
      <line num="832" count="0" type="stmt"/>
      <line num="836" count="12" type="stmt"/>
      <line num="837" count="5" type="stmt"/>
      <line num="838" count="5" type="cond" truecount="2" falsecount="0"/>
      <line num="844" count="1" type="stmt"/>
      <line num="847" count="4" type="cond" truecount="2" falsecount="0"/>
      <line num="848" count="3" type="stmt"/>
      <line num="849" count="3" type="stmt"/>
      <line num="850" count="3" type="stmt"/>
      <line num="854" count="12" type="stmt"/>
      <line num="855" count="0" type="cond" truecount="0" falsecount="2"/>
      <line num="856" count="0" type="stmt"/>
      <line num="860" count="12" type="stmt"/>
      <line num="861" count="0" type="cond" truecount="0" falsecount="2"/>
      <line num="862" count="0" type="stmt"/>
      <line num="863" count="0" type="stmt"/>
      <line num="865" count="0" type="stmt"/>
      <line num="866" count="0" type="stmt"/>
      <line num="871" count="0" type="stmt"/>
      <line num="880" count="0" type="stmt"/>
      <line num="882" count="0" type="stmt"/>
      <line num="883" count="0" type="stmt"/>
      <line num="884" count="0" type="cond" truecount="0" falsecount="4"/>
      <line num="886" count="0" type="stmt"/>
      <line num="889" count="0" type="stmt"/>
      <line num="894" count="0" type="stmt"/>
      <line num="901" count="0" type="stmt"/>
      <line num="908" count="0" type="cond" truecount="0" falsecount="2"/>
      <line num="911" count="0" type="stmt"/>
      <line num="918" count="0" type="stmt"/>
      <line num="919" count="0" type="cond" truecount="0" falsecount="2"/>
      <line num="920" count="0" type="stmt"/>
      <line num="923" count="0" type="stmt"/>
      <line num="934" count="0" type="stmt"/>
      <line num="935" count="0" type="cond" truecount="0" falsecount="2"/>
      <line num="936" count="0" type="stmt"/>
      <line num="939" count="0" type="stmt"/>
      <line num="949" count="12" type="stmt"/>
      <line num="950" count="0" type="stmt"/>
      <line num="951" count="0" type="cond" truecount="0" falsecount="2"/>
      <line num="952" count="0" type="stmt"/>
      <line num="954" count="0" type="cond" truecount="0" falsecount="2"/>
      <line num="958" count="12" type="stmt"/>
      <line num="960" count="12" type="stmt"/>
      <line num="961" count="0" type="cond" truecount="0" falsecount="2"/>
      <line num="962" count="0" type="stmt"/>
      <line num="968" count="0" type="stmt"/>
      <line num="972" count="0" type="stmt"/>
      <line num="974" count="0" type="cond" truecount="0" falsecount="4"/>
      <line num="975" count="0" type="stmt"/>
      <line num="986" count="0" type="stmt"/>
      <line num="987" count="0" type="stmt"/>
      <line num="1006" count="0" type="cond" truecount="0" falsecount="2"/>
      <line num="1007" count="0" type="stmt"/>
      <line num="1009" count="0" type="stmt"/>
      <line num="1014" count="0" type="stmt"/>
      <line num="1016" count="0" type="cond" truecount="0" falsecount="2"/>
      <line num="1017" count="0" type="stmt"/>
      <line num="1020" count="0" type="cond" truecount="0" falsecount="2"/>
      <line num="1021" count="0" type="stmt"/>
      <line num="1024" count="0" type="cond" truecount="0" falsecount="2"/>
      <line num="1025" count="0" type="stmt"/>
      <line num="1028" count="0" type="cond" truecount="0" falsecount="4"/>
      <line num="1029" count="0" type="stmt"/>
      <line num="1032" count="0" type="cond" truecount="0" falsecount="2"/>
      <line num="1033" count="0" type="stmt"/>
      <line num="1036" count="0" type="cond" truecount="0" falsecount="2"/>
      <line num="1037" count="0" type="stmt"/>
      <line num="1040" count="0" type="stmt"/>
      <line num="1044" count="0" type="cond" truecount="0" falsecount="4"/>
      <line num="1045" count="0" type="stmt"/>
      <line num="1048" count="0" type="stmt"/>
      <line num="1052" count="4" type="stmt"/>
      <line num="1055" count="2" type="cond" truecount="1" falsecount="1"/>
      <line num="1056" count="2" type="stmt"/>
      <line num="1058" count="0" type="stmt"/>
    </file>
    <file name="index.js" path="D:\work_file\tpc\react-native-camera\react-native-camera-sig\src\index.js">
      <metrics statements="0" coveredstatements="0" conditionals="0" coveredconditionals="0" methods="0" coveredmethods="0"/>
    </file>
  </project>
</coverage>
