{"D:\\work_file\\tpc\\react-native-camera\\react-native-camera-sig\\src\\FaceDetector.js": {"path":"D:\\work_file\\tpc\\react-native-camera\\react-native-camera-sig\\src\\FaceDetector.js","statementMap":{"0":{"start":{"line":4,"column":37},"end":{"line":4,"column":90}},"1":{"start":{"line":6,"column":35},"end":{"line":12,"column":1}},"2":{"start":{"line":11,"column":21},"end":{"line":11,"column":85}},"3":{"start":{"line":11,"column":48},"end":{"line":11,"column":84}},"4":{"start":{"line":49,"column":21},"end":{"line":53,"column":3}},"5":{"start":{"line":56,"column":4},"end":{"line":56,"column":63}},"6":{"start":{"line":60,"column":25},"end":{"line":60,"column":47}}},"fnMap":{"0":{"name":"(anonymous_0)","decl":{"start":{"line":11,"column":15},"end":{"line":11,"column":16}},"loc":{"start":{"line":11,"column":21},"end":{"line":11,"column":85}},"line":11},"1":{"name":"(anonymous_1)","decl":{"start":{"line":11,"column":33},"end":{"line":11,"column":34}},"loc":{"start":{"line":11,"column":48},"end":{"line":11,"column":84}},"line":11},"2":{"name":"(anonymous_2)","decl":{"start":{"line":55,"column":2},"end":{"line":55,"column":3}},"loc":{"start":{"line":55,"column":96},"end":{"line":57,"column":3}},"line":55}},"branchMap":{"0":{"loc":{"start":{"line":6,"column":35},"end":{"line":12,"column":1}},"type":"binary-expr","locations":[{"start":{"line":6,"column":35},"end":{"line":6,"column":52}},{"start":{"line":6,"column":56},"end":{"line":12,"column":1}}],"line":6}},"s":{"0":1,"1":1,"2":0,"3":0,"4":1,"5":1,"6":1},"f":{"0":0,"1":0,"2":1},"b":{"0":[1,0]},"_coverageSchema":"1a1c01bbd47fc00a2c39e90264f33305004495a9","hash":"8b13d8069c8b977e3bd35f0d68d599043abe0aac"}
,"D:\\work_file\\tpc\\react-native-camera\\react-native-camera-sig\\src\\RNCamera.js": {"path":"D:\\work_file\\tpc\\react-native-camera\\react-native-camera-sig\\src\\RNCamera.js","statementMap":{"0":{"start":{"line":19,"column":18},"end":{"line":25,"column":2}},"1":{"start":{"line":27,"column":27},"end":{"line":86,"column":1}},"2":{"start":{"line":33,"column":29},"end":{"line":33,"column":34}},"3":{"start":{"line":34,"column":34},"end":{"line":34,"column":39}},"4":{"start":{"line":35,"column":2},"end":{"line":51,"column":3}},"5":{"start":{"line":36,"column":4},"end":{"line":36,"column":79}},"6":{"start":{"line":37,"column":9},"end":{"line":51,"column":3}},"7":{"start":{"line":38,"column":35},"end":{"line":41,"column":5}},"8":{"start":{"line":42,"column":4},"end":{"line":46,"column":5}},"9":{"start":{"line":43,"column":6},"end":{"line":43,"column":52}},"10":{"start":{"line":45,"column":6},"end":{"line":45,"column":91}},"11":{"start":{"line":47,"column":9},"end":{"line":51,"column":3}},"12":{"start":{"line":48,"column":4},"end":{"line":48,"column":77}},"13":{"start":{"line":49,"column":9},"end":{"line":51,"column":3}},"14":{"start":{"line":50,"column":4},"end":{"line":50,"column":74}},"15":{"start":{"line":53,"column":2},"end":{"line":80,"column":3}},"16":{"start":{"line":54,"column":4},"end":{"line":79,"column":5}},"17":{"start":{"line":55,"column":6},"end":{"line":55,"column":92}},"18":{"start":{"line":56,"column":11},"end":{"line":79,"column":5}},"19":{"start":{"line":57,"column":6},"end":{"line":74,"column":7}},"20":{"start":{"line":58,"column":38},"end":{"line":61,"column":9}},"21":{"start":{"line":62,"column":8},"end":{"line":66,"column":9}},"22":{"start":{"line":63,"column":10},"end":{"line":63,"column":60}},"23":{"start":{"line":65,"column":10},"end":{"line":65,"column":99}},"24":{"start":{"line":67,"column":13},"end":{"line":74,"column":7}},"25":{"start":{"line":69,"column":8},"end":{"line":73,"column":10}},"26":{"start":{"line":75,"column":11},"end":{"line":79,"column":5}},"27":{"start":{"line":76,"column":6},"end":{"line":76,"column":84}},"28":{"start":{"line":77,"column":11},"end":{"line":79,"column":5}},"29":{"start":{"line":78,"column":6},"end":{"line":78,"column":79}},"30":{"start":{"line":82,"column":2},"end":{"line":85,"column":4}},"31":{"start":{"line":88,"column":15},"end":{"line":98,"column":2}},"32":{"start":{"line":317,"column":48},"end":{"line":321,"column":1}},"33":{"start":{"line":327,"column":4},"end":{"line":331,"column":1}},"34":{"start":{"line":333,"column":30},"end":{"line":395,"column":1}},"35":{"start":{"line":397,"column":24},"end":{"line":397,"column":27}},"36":{"start":{"line":399,"column":18},"end":{"line":405,"column":1}},"37":{"start":{"line":400,"column":17},"end":{"line":400,"column":19}},"38":{"start":{"line":401,"column":2},"end":{"line":403,"column":5}},"39":{"start":{"line":402,"column":4},"end":{"line":402,"column":37}},"40":{"start":{"line":404,"column":2},"end":{"line":404,"column":16}},"41":{"start":{"line":408,"column":21},"end":{"line":430,"column":3}},"42":{"start":{"line":433,"column":28},"end":{"line":445,"column":3}},"43":{"start":{"line":447,"column":21},"end":{"line":506,"column":3}},"44":{"start":{"line":509,"column":32},"end":{"line":548,"column":3}},"45":{"start":{"line":550,"column":61},"end":{"line":550,"column":65}},"46":{"start":{"line":557,"column":4},"end":{"line":557,"column":17}},"47":{"start":{"line":558,"column":4},"end":{"line":558,"column":26}},"48":{"start":{"line":559,"column":4},"end":{"line":559,"column":31}},"49":{"start":{"line":560,"column":4},"end":{"line":560,"column":27}},"50":{"start":{"line":561,"column":4},"end":{"line":565,"column":6}},"51":{"start":{"line":569,"column":4},"end":{"line":571,"column":5}},"52":{"start":{"line":570,"column":6},"end":{"line":570,"column":19}},"53":{"start":{"line":572,"column":4},"end":{"line":574,"column":5}},"54":{"start":{"line":573,"column":6},"end":{"line":573,"column":26}},"55":{"start":{"line":576,"column":4},"end":{"line":587,"column":5}},"56":{"start":{"line":577,"column":6},"end":{"line":586,"column":7}},"57":{"start":{"line":578,"column":32},"end":{"line":578,"column":39}},"58":{"start":{"line":579,"column":8},"end":{"line":579,"column":69}},"59":{"start":{"line":580,"column":8},"end":{"line":585,"column":9}},"60":{"start":{"line":581,"column":10},"end":{"line":584,"column":11}},"61":{"start":{"line":583,"column":12},"end":{"line":583,"column":69}},"62":{"start":{"line":589,"column":4},"end":{"line":591,"column":5}},"63":{"start":{"line":590,"column":6},"end":{"line":590,"column":40}},"64":{"start":{"line":593,"column":4},"end":{"line":595,"column":5}},"65":{"start":{"line":594,"column":6},"end":{"line":594,"column":43}},"66":{"start":{"line":597,"column":4},"end":{"line":599,"column":5}},"67":{"start":{"line":598,"column":6},"end":{"line":598,"column":43}},"68":{"start":{"line":601,"column":4},"end":{"line":614,"column":7}},"69":{"start":{"line":602,"column":6},"end":{"line":613,"column":7}},"70":{"start":{"line":603,"column":38},"end":{"line":606,"column":10}},"71":{"start":{"line":604,"column":10},"end":{"line":604,"column":24}},"72":{"start":{"line":605,"column":10},"end":{"line":605,"column":41}},"73":{"start":{"line":608,"column":8},"end":{"line":608,"column":54}},"74":{"start":{"line":611,"column":8},"end":{"line":611,"column":18}},"75":{"start":{"line":612,"column":8},"end":{"line":612,"column":15}},"76":{"start":{"line":618,"column":4},"end":{"line":624,"column":5}},"77":{"start":{"line":619,"column":6},"end":{"line":619,"column":67}},"78":{"start":{"line":620,"column":11},"end":{"line":624,"column":5}},"79":{"start":{"line":621,"column":6},"end":{"line":621,"column":77}},"80":{"start":{"line":623,"column":6},"end":{"line":623,"column":55}},"81":{"start":{"line":628,"column":4},"end":{"line":643,"column":5}},"82":{"start":{"line":629,"column":6},"end":{"line":629,"column":66}},"83":{"start":{"line":630,"column":11},"end":{"line":643,"column":5}},"84":{"start":{"line":631,"column":6},"end":{"line":631,"column":48}},"85":{"start":{"line":632,"column":11},"end":{"line":643,"column":5}},"86":{"start":{"line":633,"column":6},"end":{"line":642,"column":9}},"87":{"start":{"line":634,"column":8},"end":{"line":641,"column":9}},"88":{"start":{"line":635,"column":21},"end":{"line":635,"column":60}},"89":{"start":{"line":636,"column":10},"end":{"line":636,"column":23}},"90":{"start":{"line":639,"column":10},"end":{"line":639,"column":20}},"91":{"start":{"line":640,"column":10},"end":{"line":640,"column":17}},"92":{"start":{"line":647,"column":4},"end":{"line":653,"column":5}},"93":{"start":{"line":648,"column":6},"end":{"line":648,"column":59}},"94":{"start":{"line":649,"column":11},"end":{"line":653,"column":5}},"95":{"start":{"line":650,"column":6},"end":{"line":650,"column":64}},"96":{"start":{"line":652,"column":6},"end":{"line":652,"column":18}},"97":{"start":{"line":656,"column":32},"end":{"line":664,"column":3}},"98":{"start":{"line":657,"column":4},"end":{"line":663,"column":5}},"99":{"start":{"line":658,"column":6},"end":{"line":658,"column":76}},"100":{"start":{"line":659,"column":11},"end":{"line":663,"column":5}},"101":{"start":{"line":660,"column":6},"end":{"line":660,"column":86}},"102":{"start":{"line":662,"column":6},"end":{"line":662,"column":77}},"103":{"start":{"line":666,"column":29},"end":{"line":669,"column":3}},"104":{"start":{"line":668,"column":4},"end":{"line":668,"column":63}},"105":{"start":{"line":672,"column":4},"end":{"line":676,"column":5}},"106":{"start":{"line":673,"column":6},"end":{"line":673,"column":19}},"107":{"start":{"line":674,"column":11},"end":{"line":676,"column":5}},"108":{"start":{"line":675,"column":6},"end":{"line":675,"column":71}},"109":{"start":{"line":677,"column":4},"end":{"line":688,"column":5}},"110":{"start":{"line":678,"column":6},"end":{"line":687,"column":7}},"111":{"start":{"line":679,"column":32},"end":{"line":679,"column":39}},"112":{"start":{"line":680,"column":8},"end":{"line":680,"column":69}},"113":{"start":{"line":681,"column":8},"end":{"line":686,"column":9}},"114":{"start":{"line":682,"column":10},"end":{"line":685,"column":11}},"115":{"start":{"line":684,"column":12},"end":{"line":684,"column":69}},"116":{"start":{"line":690,"column":4},"end":{"line":695,"column":5}},"117":{"start":{"line":691,"column":6},"end":{"line":694,"column":7}},"118":{"start":{"line":693,"column":8},"end":{"line":693,"column":67}},"119":{"start":{"line":697,"column":44},"end":{"line":697,"column":54}},"120":{"start":{"line":698,"column":29},"end":{"line":698,"column":39}},"121":{"start":{"line":700,"column":4},"end":{"line":705,"column":5}},"122":{"start":{"line":704,"column":6},"end":{"line":704,"column":26}},"123":{"start":{"line":707,"column":4},"end":{"line":715,"column":5}},"124":{"start":{"line":708,"column":6},"end":{"line":714,"column":7}},"125":{"start":{"line":713,"column":8},"end":{"line":713,"column":84}},"126":{"start":{"line":716,"column":4},"end":{"line":718,"column":5}},"127":{"start":{"line":717,"column":6},"end":{"line":717,"column":43}},"128":{"start":{"line":720,"column":4},"end":{"line":732,"column":7}},"129":{"start":{"line":721,"column":6},"end":{"line":731,"column":7}},"130":{"start":{"line":722,"column":44},"end":{"line":725,"column":10}},"131":{"start":{"line":723,"column":10},"end":{"line":723,"column":24}},"132":{"start":{"line":724,"column":10},"end":{"line":724,"column":47}},"133":{"start":{"line":726,"column":8},"end":{"line":726,"column":49}},"134":{"start":{"line":729,"column":8},"end":{"line":729,"column":18}},"135":{"start":{"line":730,"column":8},"end":{"line":730,"column":15}},"136":{"start":{"line":736,"column":4},"end":{"line":738,"column":5}},"137":{"start":{"line":737,"column":6},"end":{"line":737,"column":43}},"138":{"start":{"line":739,"column":4},"end":{"line":739,"column":44}},"139":{"start":{"line":743,"column":4},"end":{"line":745,"column":5}},"140":{"start":{"line":744,"column":6},"end":{"line":744,"column":43}},"141":{"start":{"line":746,"column":4},"end":{"line":746,"column":45}},"142":{"start":{"line":750,"column":4},"end":{"line":752,"column":5}},"143":{"start":{"line":751,"column":6},"end":{"line":751,"column":43}},"144":{"start":{"line":753,"column":4},"end":{"line":753,"column":46}},"145":{"start":{"line":757,"column":4},"end":{"line":759,"column":5}},"146":{"start":{"line":758,"column":6},"end":{"line":758,"column":43}},"147":{"start":{"line":761,"column":4},"end":{"line":761,"column":43}},"148":{"start":{"line":765,"column":4},"end":{"line":767,"column":5}},"149":{"start":{"line":766,"column":6},"end":{"line":766,"column":43}},"150":{"start":{"line":768,"column":4},"end":{"line":780,"column":7}},"151":{"start":{"line":769,"column":6},"end":{"line":779,"column":7}},"152":{"start":{"line":770,"column":44},"end":{"line":773,"column":10}},"153":{"start":{"line":771,"column":10},"end":{"line":771,"column":30}},"154":{"start":{"line":772,"column":10},"end":{"line":772,"column":47}},"155":{"start":{"line":774,"column":8},"end":{"line":774,"column":45}},"156":{"start":{"line":777,"column":8},"end":{"line":777,"column":18}},"157":{"start":{"line":778,"column":8},"end":{"line":778,"column":15}},"158":{"start":{"line":784,"column":4},"end":{"line":786,"column":5}},"159":{"start":{"line":785,"column":6},"end":{"line":785,"column":43}},"160":{"start":{"line":787,"column":4},"end":{"line":787,"column":44}},"161":{"start":{"line":790,"column":18},"end":{"line":794,"column":3}},"162":{"start":{"line":791,"column":4},"end":{"line":793,"column":5}},"163":{"start":{"line":792,"column":6},"end":{"line":792,"column":43}},"164":{"start":{"line":796,"column":19},"end":{"line":800,"column":3}},"165":{"start":{"line":797,"column":4},"end":{"line":799,"column":5}},"166":{"start":{"line":798,"column":6},"end":{"line":798,"column":33}},"167":{"start":{"line":802,"column":24},"end":{"line":806,"column":3}},"168":{"start":{"line":803,"column":4},"end":{"line":805,"column":5}},"169":{"start":{"line":804,"column":6},"end":{"line":804,"column":38}},"170":{"start":{"line":807,"column":13},"end":{"line":814,"column":3}},"171":{"start":{"line":808,"column":4},"end":{"line":810,"column":5}},"172":{"start":{"line":809,"column":6},"end":{"line":809,"column":48}},"173":{"start":{"line":811,"column":4},"end":{"line":813,"column":5}},"174":{"start":{"line":812,"column":6},"end":{"line":812,"column":54}},"175":{"start":{"line":815,"column":22},"end":{"line":819,"column":3}},"176":{"start":{"line":816,"column":4},"end":{"line":818,"column":5}},"177":{"start":{"line":817,"column":6},"end":{"line":817,"column":36}},"178":{"start":{"line":821,"column":20},"end":{"line":828,"column":3}},"179":{"start":{"line":822,"column":4},"end":{"line":827,"column":5}},"180":{"start":{"line":823,"column":6},"end":{"line":826,"column":9}},"181":{"start":{"line":830,"column":20},"end":{"line":834,"column":3}},"182":{"start":{"line":831,"column":4},"end":{"line":833,"column":5}},"183":{"start":{"line":832,"column":6},"end":{"line":832,"column":45}},"184":{"start":{"line":836,"column":22},"end":{"line":852,"column":3}},"185":{"start":{"line":836,"column":47},"end":{"line":852,"column":3}},"186":{"start":{"line":837,"column":21},"end":{"line":837,"column":32}},"187":{"start":{"line":838,"column":4},"end":{"line":845,"column":5}},"188":{"start":{"line":844,"column":6},"end":{"line":844,"column":13}},"189":{"start":{"line":847,"column":4},"end":{"line":851,"column":5}},"190":{"start":{"line":848,"column":6},"end":{"line":848,"column":28}},"191":{"start":{"line":849,"column":6},"end":{"line":849,"column":47}},"192":{"start":{"line":850,"column":6},"end":{"line":850,"column":59}},"193":{"start":{"line":854,"column":26},"end":{"line":858,"column":3}},"194":{"start":{"line":855,"column":4},"end":{"line":857,"column":5}},"195":{"start":{"line":856,"column":6},"end":{"line":856,"column":41}},"196":{"start":{"line":860,"column":18},"end":{"line":868,"column":3}},"197":{"start":{"line":861,"column":4},"end":{"line":867,"column":5}},"198":{"start":{"line":862,"column":6},"end":{"line":862,"column":28}},"199":{"start":{"line":863,"column":6},"end":{"line":863,"column":47}},"200":{"start":{"line":865,"column":6},"end":{"line":865,"column":29}},"201":{"start":{"line":866,"column":6},"end":{"line":866,"column":32}},"202":{"start":{"line":871,"column":4},"end":{"line":871,"column":28}},"203":{"start":{"line":880,"column":8},"end":{"line":880,"column":18}},"204":{"start":{"line":882,"column":28},"end":{"line":882,"column":58}},"205":{"start":{"line":883,"column":27},"end":{"line":883,"column":62}},"206":{"start":{"line":884,"column":4},"end":{"line":899,"column":5}},"207":{"start":{"line":886,"column":6},"end":{"line":888,"column":8}},"208":{"start":{"line":889,"column":6},"end":{"line":893,"column":8}},"209":{"start":{"line":894,"column":6},"end":{"line":898,"column":8}},"210":{"start":{"line":901,"column":64},"end":{"line":906,"column":5}},"211":{"start":{"line":908,"column":40},"end":{"line":910,"column":54}},"212":{"start":{"line":911,"column":4},"end":{"line":911,"column":65}},"213":{"start":{"line":918,"column":8},"end":{"line":918,"column":42}},"214":{"start":{"line":919,"column":4},"end":{"line":921,"column":5}},"215":{"start":{"line":920,"column":6},"end":{"line":920,"column":13}},"216":{"start":{"line":923,"column":4},"end":{"line":927,"column":7}},"217":{"start":{"line":934,"column":8},"end":{"line":934,"column":42}},"218":{"start":{"line":935,"column":4},"end":{"line":937,"column":5}},"219":{"start":{"line":936,"column":6},"end":{"line":936,"column":13}},"220":{"start":{"line":939,"column":4},"end":{"line":946,"column":6}},"221":{"start":{"line":949,"column":14},"end":{"line":955,"column":3}},"222":{"start":{"line":950,"column":53},"end":{"line":950,"column":63}},"223":{"start":{"line":951,"column":4},"end":{"line":953,"column":5}},"224":{"start":{"line":952,"column":6},"end":{"line":952,"column":48}},"225":{"start":{"line":954,"column":4},"end":{"line":954,"column":75}},"226":{"start":{"line":958,"column":12},"end":{"line":958,"column":62}},"227":{"start":{"line":958,"column":21},"end":{"line":958,"column":62}},"228":{"start":{"line":960,"column":19},"end":{"line":969,"column":3}},"229":{"start":{"line":961,"column":4},"end":{"line":967,"column":5}},"230":{"start":{"line":962,"column":6},"end":{"line":966,"column":9}},"231":{"start":{"line":968,"column":4},"end":{"line":968,"column":31}},"232":{"start":{"line":972,"column":38},"end":{"line":972,"column":74}},"233":{"start":{"line":974,"column":4},"end":{"line":1010,"column":5}},"234":{"start":{"line":975,"column":6},"end":{"line":1005,"column":8}},"235":{"start":{"line":986,"column":14},"end":{"line":986,"column":36}},"236":{"start":{"line":987,"column":14},"end":{"line":987,"column":55}},"237":{"start":{"line":1006,"column":11},"end":{"line":1010,"column":5}},"238":{"start":{"line":1007,"column":6},"end":{"line":1007,"column":49}},"239":{"start":{"line":1009,"column":6},"end":{"line":1009,"column":42}},"240":{"start":{"line":1014,"column":21},"end":{"line":1014,"column":56}},"241":{"start":{"line":1016,"column":4},"end":{"line":1018,"column":5}},"242":{"start":{"line":1017,"column":6},"end":{"line":1017,"column":44}},"243":{"start":{"line":1020,"column":4},"end":{"line":1022,"column":5}},"244":{"start":{"line":1021,"column":6},"end":{"line":1021,"column":57}},"245":{"start":{"line":1024,"column":4},"end":{"line":1026,"column":5}},"246":{"start":{"line":1025,"column":6},"end":{"line":1025,"column":42}},"247":{"start":{"line":1028,"column":4},"end":{"line":1030,"column":5}},"248":{"start":{"line":1029,"column":6},"end":{"line":1029,"column":43}},"249":{"start":{"line":1032,"column":4},"end":{"line":1034,"column":5}},"250":{"start":{"line":1033,"column":6},"end":{"line":1033,"column":44}},"251":{"start":{"line":1036,"column":4},"end":{"line":1038,"column":5}},"252":{"start":{"line":1037,"column":6},"end":{"line":1037,"column":28}},"253":{"start":{"line":1040,"column":4},"end":{"line":1040,"column":20}},"254":{"start":{"line":1044,"column":4},"end":{"line":1046,"column":5}},"255":{"start":{"line":1045,"column":6},"end":{"line":1045,"column":49}},"256":{"start":{"line":1048,"column":4},"end":{"line":1048,"column":17}},"257":{"start":{"line":1052,"column":25},"end":{"line":1052,"column":41}},"258":{"start":{"line":1055,"column":2},"end":{"line":1057,"column":3}},"259":{"start":{"line":1056,"column":4},"end":{"line":1056,"column":41}},"260":{"start":{"line":1058,"column":2},"end":{"line":1058,"column":34}}},"fnMap":{"0":{"name":"(anonymous_0)","decl":{"start":{"line":27,"column":27},"end":{"line":27,"column":28}},"loc":{"start":{"line":32,"column":85},"end":{"line":86,"column":1}},"line":32},"1":{"name":"(anonymous_1)","decl":{"start":{"line":399,"column":18},"end":{"line":399,"column":19}},"loc":{"start":{"line":399,"column":37},"end":{"line":405,"column":1}},"line":399},"2":{"name":"(anonymous_2)","decl":{"start":{"line":401,"column":28},"end":{"line":401,"column":29}},"loc":{"start":{"line":401,"column":46},"end":{"line":403,"column":3}},"line":401},"3":{"name":"(anonymous_3)","decl":{"start":{"line":556,"column":2},"end":{"line":556,"column":3}},"loc":{"start":{"line":556,"column":32},"end":{"line":566,"column":3}},"line":556},"4":{"name":"(anonymous_4)","decl":{"start":{"line":568,"column":2},"end":{"line":568,"column":3}},"loc":{"start":{"line":568,"column":51},"end":{"line":615,"column":3}},"line":568},"5":{"name":"(anonymous_5)","decl":{"start":{"line":601,"column":23},"end":{"line":601,"column":24}},"loc":{"start":{"line":601,"column":44},"end":{"line":614,"column":5}},"line":601},"6":{"name":"(anonymous_6)","decl":{"start":{"line":603,"column":84},"end":{"line":603,"column":85}},"loc":{"start":{"line":603,"column":94},"end":{"line":606,"column":9}},"line":603},"7":{"name":"(anonymous_7)","decl":{"start":{"line":617,"column":2},"end":{"line":617,"column":3}},"loc":{"start":{"line":617,"column":34},"end":{"line":625,"column":3}},"line":617},"8":{"name":"(anonymous_8)","decl":{"start":{"line":627,"column":2},"end":{"line":627,"column":3}},"loc":{"start":{"line":627,"column":28},"end":{"line":644,"column":3}},"line":627},"9":{"name":"(anonymous_9)","decl":{"start":{"line":633,"column":25},"end":{"line":633,"column":26}},"loc":{"start":{"line":633,"column":52},"end":{"line":642,"column":7}},"line":633},"10":{"name":"(anonymous_10)","decl":{"start":{"line":646,"column":2},"end":{"line":646,"column":3}},"loc":{"start":{"line":646,"column":41},"end":{"line":654,"column":3}},"line":646},"11":{"name":"(anonymous_11)","decl":{"start":{"line":656,"column":32},"end":{"line":656,"column":33}},"loc":{"start":{"line":656,"column":57},"end":{"line":664,"column":3}},"line":656},"12":{"name":"(anonymous_12)","decl":{"start":{"line":666,"column":29},"end":{"line":666,"column":30}},"loc":{"start":{"line":666,"column":51},"end":{"line":669,"column":3}},"line":666},"13":{"name":"(anonymous_13)","decl":{"start":{"line":671,"column":2},"end":{"line":671,"column":3}},"loc":{"start":{"line":671,"column":48},"end":{"line":733,"column":3}},"line":671},"14":{"name":"(anonymous_14)","decl":{"start":{"line":720,"column":23},"end":{"line":720,"column":24}},"loc":{"start":{"line":720,"column":44},"end":{"line":732,"column":5}},"line":720},"15":{"name":"(anonymous_15)","decl":{"start":{"line":722,"column":98},"end":{"line":722,"column":99}},"loc":{"start":{"line":722,"column":125},"end":{"line":725,"column":9}},"line":722},"16":{"name":"(anonymous_16)","decl":{"start":{"line":735,"column":2},"end":{"line":735,"column":3}},"loc":{"start":{"line":735,"column":18},"end":{"line":740,"column":3}},"line":735},"17":{"name":"(anonymous_17)","decl":{"start":{"line":742,"column":2},"end":{"line":742,"column":3}},"loc":{"start":{"line":742,"column":19},"end":{"line":747,"column":3}},"line":742},"18":{"name":"(anonymous_18)","decl":{"start":{"line":749,"column":2},"end":{"line":749,"column":3}},"loc":{"start":{"line":749,"column":20},"end":{"line":754,"column":3}},"line":749},"19":{"name":"(anonymous_19)","decl":{"start":{"line":756,"column":2},"end":{"line":756,"column":3}},"loc":{"start":{"line":756,"column":17},"end":{"line":762,"column":3}},"line":756},"20":{"name":"(anonymous_20)","decl":{"start":{"line":764,"column":2},"end":{"line":764,"column":3}},"loc":{"start":{"line":764,"column":16},"end":{"line":781,"column":3}},"line":764},"21":{"name":"(anonymous_21)","decl":{"start":{"line":768,"column":23},"end":{"line":768,"column":24}},"loc":{"start":{"line":768,"column":44},"end":{"line":780,"column":5}},"line":768},"22":{"name":"(anonymous_22)","decl":{"start":{"line":770,"column":90},"end":{"line":770,"column":91}},"loc":{"start":{"line":770,"column":107},"end":{"line":773,"column":9}},"line":770},"23":{"name":"(anonymous_23)","decl":{"start":{"line":783,"column":2},"end":{"line":783,"column":3}},"loc":{"start":{"line":783,"column":18},"end":{"line":788,"column":3}},"line":783},"24":{"name":"(anonymous_24)","decl":{"start":{"line":790,"column":18},"end":{"line":790,"column":19}},"loc":{"start":{"line":790,"column":67},"end":{"line":794,"column":3}},"line":790},"25":{"name":"(anonymous_25)","decl":{"start":{"line":796,"column":19},"end":{"line":796,"column":20}},"loc":{"start":{"line":796,"column":25},"end":{"line":800,"column":3}},"line":796},"26":{"name":"(anonymous_26)","decl":{"start":{"line":802,"column":24},"end":{"line":802,"column":25}},"loc":{"start":{"line":802,"column":30},"end":{"line":806,"column":3}},"line":802},"27":{"name":"(anonymous_27)","decl":{"start":{"line":807,"column":13},"end":{"line":807,"column":14}},"loc":{"start":{"line":807,"column":62},"end":{"line":814,"column":3}},"line":807},"28":{"name":"(anonymous_28)","decl":{"start":{"line":815,"column":22},"end":{"line":815,"column":23}},"loc":{"start":{"line":815,"column":28},"end":{"line":819,"column":3}},"line":815},"29":{"name":"(anonymous_29)","decl":{"start":{"line":821,"column":20},"end":{"line":821,"column":21}},"loc":{"start":{"line":821,"column":26},"end":{"line":828,"column":3}},"line":821},"30":{"name":"(anonymous_30)","decl":{"start":{"line":830,"column":20},"end":{"line":830,"column":21}},"loc":{"start":{"line":830,"column":69},"end":{"line":834,"column":3}},"line":830},"31":{"name":"(anonymous_31)","decl":{"start":{"line":836,"column":22},"end":{"line":836,"column":23}},"loc":{"start":{"line":836,"column":47},"end":{"line":852,"column":3}},"line":836},"32":{"name":"(anonymous_32)","decl":{"start":{"line":836,"column":47},"end":{"line":836,"column":48}},"loc":{"start":{"line":836,"column":96},"end":{"line":852,"column":3}},"line":836},"33":{"name":"(anonymous_33)","decl":{"start":{"line":854,"column":26},"end":{"line":854,"column":27}},"loc":{"start":{"line":854,"column":31},"end":{"line":858,"column":3}},"line":854},"34":{"name":"(anonymous_34)","decl":{"start":{"line":860,"column":18},"end":{"line":860,"column":19}},"loc":{"start":{"line":860,"column":36},"end":{"line":868,"column":3}},"line":860},"35":{"name":"(anonymous_35)","decl":{"start":{"line":870,"column":2},"end":{"line":870,"column":3}},"loc":{"start":{"line":870,"column":25},"end":{"line":872,"column":3}},"line":870},"36":{"name":"(anonymous_36)","decl":{"start":{"line":874,"column":2},"end":{"line":874,"column":3}},"loc":{"start":{"line":874,"column":32},"end":{"line":912,"column":3}},"line":874},"37":{"name":"(anonymous_37)","decl":{"start":{"line":914,"column":2},"end":{"line":914,"column":3}},"loc":{"start":{"line":914,"column":37},"end":{"line":928,"column":3}},"line":914},"38":{"name":"(anonymous_38)","decl":{"start":{"line":930,"column":2},"end":{"line":930,"column":3}},"loc":{"start":{"line":930,"column":28},"end":{"line":947,"column":3}},"line":930},"39":{"name":"(anonymous_39)","decl":{"start":{"line":949,"column":14},"end":{"line":949,"column":15}},"loc":{"start":{"line":949,"column":28},"end":{"line":955,"column":3}},"line":949},"40":{"name":"(anonymous_40)","decl":{"start":{"line":958,"column":12},"end":{"line":958,"column":13}},"loc":{"start":{"line":958,"column":21},"end":{"line":958,"column":62}},"line":958},"41":{"name":"(anonymous_41)","decl":{"start":{"line":960,"column":19},"end":{"line":960,"column":20}},"loc":{"start":{"line":960,"column":28},"end":{"line":969,"column":3}},"line":960},"42":{"name":"(anonymous_42)","decl":{"start":{"line":971,"column":2},"end":{"line":971,"column":3}},"loc":{"start":{"line":971,"column":11},"end":{"line":1011,"column":3}},"line":971},"43":{"name":"(anonymous_43)","decl":{"start":{"line":985,"column":17},"end":{"line":985,"column":18}},"loc":{"start":{"line":985,"column":26},"end":{"line":988,"column":13}},"line":985},"44":{"name":"(anonymous_44)","decl":{"start":{"line":1013,"column":2},"end":{"line":1013,"column":3}},"loc":{"start":{"line":1013,"column":57},"end":{"line":1041,"column":3}},"line":1013},"45":{"name":"(anonymous_45)","decl":{"start":{"line":1043,"column":2},"end":{"line":1043,"column":3}},"loc":{"start":{"line":1043,"column":41},"end":{"line":1049,"column":3}},"line":1043},"46":{"name":"hasTorch","decl":{"start":{"line":1054,"column":16},"end":{"line":1054,"column":24}},"loc":{"start":{"line":1054,"column":27},"end":{"line":1059,"column":1}},"line":1054}},"branchMap":{"0":{"loc":{"start":{"line":35,"column":2},"end":{"line":51,"column":3}},"type":"if","locations":[{"start":{"line":35,"column":2},"end":{"line":51,"column":3}},{"start":{"line":37,"column":9},"end":{"line":51,"column":3}}],"line":35},"1":{"loc":{"start":{"line":37,"column":9},"end":{"line":51,"column":3}},"type":"if","locations":[{"start":{"line":37,"column":9},"end":{"line":51,"column":3}},{"start":{"line":47,"column":9},"end":{"line":51,"column":3}}],"line":37},"2":{"loc":{"start":{"line":42,"column":4},"end":{"line":46,"column":5}},"type":"if","locations":[{"start":{"line":42,"column":4},"end":{"line":46,"column":5}},{"start":{"line":44,"column":11},"end":{"line":46,"column":5}}],"line":42},"3":{"loc":{"start":{"line":47,"column":9},"end":{"line":51,"column":3}},"type":"if","locations":[{"start":{"line":47,"column":9},"end":{"line":51,"column":3}},{"start":{"line":49,"column":9},"end":{"line":51,"column":3}}],"line":47},"4":{"loc":{"start":{"line":49,"column":9},"end":{"line":51,"column":3}},"type":"if","locations":[{"start":{"line":49,"column":9},"end":{"line":51,"column":3}},{"start":{},"end":{}}],"line":49},"5":{"loc":{"start":{"line":53,"column":2},"end":{"line":80,"column":3}},"type":"if","locations":[{"start":{"line":53,"column":2},"end":{"line":80,"column":3}},{"start":{},"end":{}}],"line":53},"6":{"loc":{"start":{"line":54,"column":4},"end":{"line":79,"column":5}},"type":"if","locations":[{"start":{"line":54,"column":4},"end":{"line":79,"column":5}},{"start":{"line":56,"column":11},"end":{"line":79,"column":5}}],"line":54},"7":{"loc":{"start":{"line":56,"column":11},"end":{"line":79,"column":5}},"type":"if","locations":[{"start":{"line":56,"column":11},"end":{"line":79,"column":5}},{"start":{"line":75,"column":11},"end":{"line":79,"column":5}}],"line":56},"8":{"loc":{"start":{"line":57,"column":6},"end":{"line":74,"column":7}},"type":"if","locations":[{"start":{"line":57,"column":6},"end":{"line":74,"column":7}},{"start":{"line":67,"column":13},"end":{"line":74,"column":7}}],"line":57},"9":{"loc":{"start":{"line":62,"column":8},"end":{"line":66,"column":9}},"type":"if","locations":[{"start":{"line":62,"column":8},"end":{"line":66,"column":9}},{"start":{"line":64,"column":15},"end":{"line":66,"column":9}}],"line":62},"10":{"loc":{"start":{"line":67,"column":13},"end":{"line":74,"column":7}},"type":"if","locations":[{"start":{"line":67,"column":13},"end":{"line":74,"column":7}},{"start":{},"end":{}}],"line":67},"11":{"loc":{"start":{"line":75,"column":11},"end":{"line":79,"column":5}},"type":"if","locations":[{"start":{"line":75,"column":11},"end":{"line":79,"column":5}},{"start":{"line":77,"column":11},"end":{"line":79,"column":5}}],"line":75},"12":{"loc":{"start":{"line":77,"column":11},"end":{"line":79,"column":5}},"type":"if","locations":[{"start":{"line":77,"column":11},"end":{"line":79,"column":5}},{"start":{},"end":{}}],"line":77},"13":{"loc":{"start":{"line":439,"column":24},"end":{"line":439,"column":57}},"type":"binary-expr","locations":[{"start":{"line":439,"column":24},"end":{"line":439,"column":51}},{"start":{"line":439,"column":55},"end":{"line":439,"column":57}}],"line":439},"14":{"loc":{"start":{"line":440,"column":29},"end":{"line":440,"column":62}},"type":"binary-expr","locations":[{"start":{"line":440,"column":29},"end":{"line":440,"column":56}},{"start":{"line":440,"column":60},"end":{"line":440,"column":62}}],"line":440},"15":{"loc":{"start":{"line":441,"column":35},"end":{"line":441,"column":68}},"type":"binary-expr","locations":[{"start":{"line":441,"column":35},"end":{"line":441,"column":62}},{"start":{"line":441,"column":66},"end":{"line":441,"column":68}}],"line":441},"16":{"loc":{"start":{"line":442,"column":30},"end":{"line":442,"column":78}},"type":"binary-expr","locations":[{"start":{"line":442,"column":30},"end":{"line":442,"column":72}},{"start":{"line":442,"column":76},"end":{"line":442,"column":78}}],"line":442},"17":{"loc":{"start":{"line":443,"column":30},"end":{"line":443,"column":78}},"type":"binary-expr","locations":[{"start":{"line":443,"column":30},"end":{"line":443,"column":72}},{"start":{"line":443,"column":76},"end":{"line":443,"column":78}}],"line":443},"18":{"loc":{"start":{"line":444,"column":28},"end":{"line":444,"column":66}},"type":"binary-expr","locations":[{"start":{"line":444,"column":28},"end":{"line":444,"column":60}},{"start":{"line":444,"column":64},"end":{"line":444,"column":66}}],"line":444},"19":{"loc":{"start":{"line":518,"column":24},"end":{"line":518,"column":57}},"type":"binary-expr","locations":[{"start":{"line":518,"column":24},"end":{"line":518,"column":51}},{"start":{"line":518,"column":55},"end":{"line":518,"column":57}}],"line":518},"20":{"loc":{"start":{"line":520,"column":30},"end":{"line":520,"column":98}},"type":"binary-expr","locations":[{"start":{"line":520,"column":30},"end":{"line":520,"column":92}},{"start":{"line":520,"column":96},"end":{"line":520,"column":98}}],"line":520},"21":{"loc":{"start":{"line":520,"column":31},"end":{"line":520,"column":79}},"type":"binary-expr","locations":[{"start":{"line":520,"column":31},"end":{"line":520,"column":73}},{"start":{"line":520,"column":77},"end":{"line":520,"column":79}}],"line":520},"22":{"loc":{"start":{"line":522,"column":30},"end":{"line":522,"column":98}},"type":"binary-expr","locations":[{"start":{"line":522,"column":30},"end":{"line":522,"column":92}},{"start":{"line":522,"column":96},"end":{"line":522,"column":98}}],"line":522},"23":{"loc":{"start":{"line":522,"column":31},"end":{"line":522,"column":79}},"type":"binary-expr","locations":[{"start":{"line":522,"column":31},"end":{"line":522,"column":73}},{"start":{"line":522,"column":77},"end":{"line":522,"column":79}}],"line":522},"24":{"loc":{"start":{"line":524,"column":29},"end":{"line":524,"column":80}},"type":"binary-expr","locations":[{"start":{"line":524,"column":29},"end":{"line":524,"column":74}},{"start":{"line":524,"column":78},"end":{"line":524,"column":80}}],"line":524},"25":{"loc":{"start":{"line":524,"column":30},"end":{"line":524,"column":63}},"type":"binary-expr","locations":[{"start":{"line":524,"column":30},"end":{"line":524,"column":57}},{"start":{"line":524,"column":61},"end":{"line":524,"column":63}}],"line":524},"26":{"loc":{"start":{"line":525,"column":35},"end":{"line":525,"column":92}},"type":"binary-expr","locations":[{"start":{"line":525,"column":35},"end":{"line":525,"column":86}},{"start":{"line":525,"column":90},"end":{"line":525,"column":92}}],"line":525},"27":{"loc":{"start":{"line":525,"column":36},"end":{"line":525,"column":69}},"type":"binary-expr","locations":[{"start":{"line":525,"column":36},"end":{"line":525,"column":63}},{"start":{"line":525,"column":67},"end":{"line":525,"column":69}}],"line":525},"28":{"loc":{"start":{"line":569,"column":4},"end":{"line":571,"column":5}},"type":"if","locations":[{"start":{"line":569,"column":4},"end":{"line":571,"column":5}},{"start":{},"end":{}}],"line":569},"29":{"loc":{"start":{"line":572,"column":4},"end":{"line":574,"column":5}},"type":"if","locations":[{"start":{"line":572,"column":4},"end":{"line":574,"column":5}},{"start":{},"end":{}}],"line":572},"30":{"loc":{"start":{"line":576,"column":4},"end":{"line":587,"column":5}},"type":"if","locations":[{"start":{"line":576,"column":4},"end":{"line":587,"column":5}},{"start":{},"end":{}}],"line":576},"31":{"loc":{"start":{"line":577,"column":6},"end":{"line":586,"column":7}},"type":"if","locations":[{"start":{"line":577,"column":6},"end":{"line":586,"column":7}},{"start":{},"end":{}}],"line":577},"32":{"loc":{"start":{"line":580,"column":8},"end":{"line":585,"column":9}},"type":"if","locations":[{"start":{"line":580,"column":8},"end":{"line":585,"column":9}},{"start":{},"end":{}}],"line":580},"33":{"loc":{"start":{"line":581,"column":10},"end":{"line":584,"column":11}},"type":"if","locations":[{"start":{"line":581,"column":10},"end":{"line":584,"column":11}},{"start":{},"end":{}}],"line":581},"34":{"loc":{"start":{"line":589,"column":4},"end":{"line":591,"column":5}},"type":"if","locations":[{"start":{"line":589,"column":4},"end":{"line":591,"column":5}},{"start":{},"end":{}}],"line":589},"35":{"loc":{"start":{"line":593,"column":4},"end":{"line":595,"column":5}},"type":"if","locations":[{"start":{"line":593,"column":4},"end":{"line":595,"column":5}},{"start":{},"end":{}}],"line":593},"36":{"loc":{"start":{"line":597,"column":4},"end":{"line":599,"column":5}},"type":"if","locations":[{"start":{"line":597,"column":4},"end":{"line":599,"column":5}},{"start":{},"end":{}}],"line":597},"37":{"loc":{"start":{"line":618,"column":4},"end":{"line":624,"column":5}},"type":"if","locations":[{"start":{"line":618,"column":4},"end":{"line":624,"column":5}},{"start":{"line":620,"column":11},"end":{"line":624,"column":5}}],"line":618},"38":{"loc":{"start":{"line":620,"column":11},"end":{"line":624,"column":5}},"type":"if","locations":[{"start":{"line":620,"column":11},"end":{"line":624,"column":5}},{"start":{"line":622,"column":11},"end":{"line":624,"column":5}}],"line":620},"39":{"loc":{"start":{"line":628,"column":4},"end":{"line":643,"column":5}},"type":"if","locations":[{"start":{"line":628,"column":4},"end":{"line":643,"column":5}},{"start":{"line":630,"column":11},"end":{"line":643,"column":5}}],"line":628},"40":{"loc":{"start":{"line":630,"column":11},"end":{"line":643,"column":5}},"type":"if","locations":[{"start":{"line":630,"column":11},"end":{"line":643,"column":5}},{"start":{"line":632,"column":11},"end":{"line":643,"column":5}}],"line":630},"41":{"loc":{"start":{"line":632,"column":11},"end":{"line":643,"column":5}},"type":"if","locations":[{"start":{"line":632,"column":11},"end":{"line":643,"column":5}},{"start":{},"end":{}}],"line":632},"42":{"loc":{"start":{"line":647,"column":4},"end":{"line":653,"column":5}},"type":"if","locations":[{"start":{"line":647,"column":4},"end":{"line":653,"column":5}},{"start":{"line":649,"column":11},"end":{"line":653,"column":5}}],"line":647},"43":{"loc":{"start":{"line":649,"column":11},"end":{"line":653,"column":5}},"type":"if","locations":[{"start":{"line":649,"column":11},"end":{"line":653,"column":5}},{"start":{"line":651,"column":11},"end":{"line":653,"column":5}}],"line":649},"44":{"loc":{"start":{"line":657,"column":4},"end":{"line":663,"column":5}},"type":"if","locations":[{"start":{"line":657,"column":4},"end":{"line":663,"column":5}},{"start":{"line":659,"column":11},"end":{"line":663,"column":5}}],"line":657},"45":{"loc":{"start":{"line":659,"column":11},"end":{"line":663,"column":5}},"type":"if","locations":[{"start":{"line":659,"column":11},"end":{"line":663,"column":5}},{"start":{"line":661,"column":11},"end":{"line":663,"column":5}}],"line":659},"46":{"loc":{"start":{"line":672,"column":4},"end":{"line":676,"column":5}},"type":"if","locations":[{"start":{"line":672,"column":4},"end":{"line":676,"column":5}},{"start":{"line":674,"column":11},"end":{"line":676,"column":5}}],"line":672},"47":{"loc":{"start":{"line":672,"column":8},"end":{"line":672,"column":47}},"type":"binary-expr","locations":[{"start":{"line":672,"column":8},"end":{"line":672,"column":16}},{"start":{"line":672,"column":20},"end":{"line":672,"column":47}}],"line":672},"48":{"loc":{"start":{"line":674,"column":11},"end":{"line":676,"column":5}},"type":"if","locations":[{"start":{"line":674,"column":11},"end":{"line":676,"column":5}},{"start":{},"end":{}}],"line":674},"49":{"loc":{"start":{"line":677,"column":4},"end":{"line":688,"column":5}},"type":"if","locations":[{"start":{"line":677,"column":4},"end":{"line":688,"column":5}},{"start":{},"end":{}}],"line":677},"50":{"loc":{"start":{"line":678,"column":6},"end":{"line":687,"column":7}},"type":"if","locations":[{"start":{"line":678,"column":6},"end":{"line":687,"column":7}},{"start":{},"end":{}}],"line":678},"51":{"loc":{"start":{"line":681,"column":8},"end":{"line":686,"column":9}},"type":"if","locations":[{"start":{"line":681,"column":8},"end":{"line":686,"column":9}},{"start":{},"end":{}}],"line":681},"52":{"loc":{"start":{"line":682,"column":10},"end":{"line":685,"column":11}},"type":"if","locations":[{"start":{"line":682,"column":10},"end":{"line":685,"column":11}},{"start":{},"end":{}}],"line":682},"53":{"loc":{"start":{"line":690,"column":4},"end":{"line":695,"column":5}},"type":"if","locations":[{"start":{"line":690,"column":4},"end":{"line":695,"column":5}},{"start":{},"end":{}}],"line":690},"54":{"loc":{"start":{"line":691,"column":6},"end":{"line":694,"column":7}},"type":"if","locations":[{"start":{"line":691,"column":6},"end":{"line":694,"column":7}},{"start":{},"end":{}}],"line":691},"55":{"loc":{"start":{"line":691,"column":10},"end":{"line":691,"column":74}},"type":"binary-expr","locations":[{"start":{"line":691,"column":10},"end":{"line":691,"column":30}},{"start":{"line":691,"column":34},"end":{"line":691,"column":74}}],"line":691},"56":{"loc":{"start":{"line":700,"column":4},"end":{"line":705,"column":5}},"type":"if","locations":[{"start":{"line":700,"column":4},"end":{"line":705,"column":5}},{"start":{},"end":{}}],"line":700},"57":{"loc":{"start":{"line":701,"column":6},"end":{"line":702,"column":80}},"type":"binary-expr","locations":[{"start":{"line":701,"column":6},"end":{"line":701,"column":19}},{"start":{"line":702,"column":6},"end":{"line":702,"column":80}}],"line":701},"58":{"loc":{"start":{"line":707,"column":4},"end":{"line":715,"column":5}},"type":"if","locations":[{"start":{"line":707,"column":4},"end":{"line":715,"column":5}},{"start":{},"end":{}}],"line":707},"59":{"loc":{"start":{"line":708,"column":6},"end":{"line":714,"column":7}},"type":"if","locations":[{"start":{"line":708,"column":6},"end":{"line":714,"column":7}},{"start":{},"end":{}}],"line":708},"60":{"loc":{"start":{"line":709,"column":8},"end":{"line":710,"column":82}},"type":"binary-expr","locations":[{"start":{"line":709,"column":9},"end":{"line":709,"column":22}},{"start":{"line":709,"column":26},"end":{"line":709,"column":38}},{"start":{"line":710,"column":8},"end":{"line":710,"column":82}}],"line":709},"61":{"loc":{"start":{"line":716,"column":4},"end":{"line":718,"column":5}},"type":"if","locations":[{"start":{"line":716,"column":4},"end":{"line":718,"column":5}},{"start":{},"end":{}}],"line":716},"62":{"loc":{"start":{"line":736,"column":4},"end":{"line":738,"column":5}},"type":"if","locations":[{"start":{"line":736,"column":4},"end":{"line":738,"column":5}},{"start":{},"end":{}}],"line":736},"63":{"loc":{"start":{"line":743,"column":4},"end":{"line":745,"column":5}},"type":"if","locations":[{"start":{"line":743,"column":4},"end":{"line":745,"column":5}},{"start":{},"end":{}}],"line":743},"64":{"loc":{"start":{"line":750,"column":4},"end":{"line":752,"column":5}},"type":"if","locations":[{"start":{"line":750,"column":4},"end":{"line":752,"column":5}},{"start":{},"end":{}}],"line":750},"65":{"loc":{"start":{"line":757,"column":4},"end":{"line":759,"column":5}},"type":"if","locations":[{"start":{"line":757,"column":4},"end":{"line":759,"column":5}},{"start":{},"end":{}}],"line":757},"66":{"loc":{"start":{"line":765,"column":4},"end":{"line":767,"column":5}},"type":"if","locations":[{"start":{"line":765,"column":4},"end":{"line":767,"column":5}},{"start":{},"end":{}}],"line":765},"67":{"loc":{"start":{"line":784,"column":4},"end":{"line":786,"column":5}},"type":"if","locations":[{"start":{"line":784,"column":4},"end":{"line":786,"column":5}},{"start":{},"end":{}}],"line":784},"68":{"loc":{"start":{"line":791,"column":4},"end":{"line":793,"column":5}},"type":"if","locations":[{"start":{"line":791,"column":4},"end":{"line":793,"column":5}},{"start":{},"end":{}}],"line":791},"69":{"loc":{"start":{"line":797,"column":4},"end":{"line":799,"column":5}},"type":"if","locations":[{"start":{"line":797,"column":4},"end":{"line":799,"column":5}},{"start":{},"end":{}}],"line":797},"70":{"loc":{"start":{"line":803,"column":4},"end":{"line":805,"column":5}},"type":"if","locations":[{"start":{"line":803,"column":4},"end":{"line":805,"column":5}},{"start":{},"end":{}}],"line":803},"71":{"loc":{"start":{"line":808,"column":4},"end":{"line":810,"column":5}},"type":"if","locations":[{"start":{"line":808,"column":4},"end":{"line":810,"column":5}},{"start":{},"end":{}}],"line":808},"72":{"loc":{"start":{"line":808,"column":8},"end":{"line":808,"column":52}},"type":"binary-expr","locations":[{"start":{"line":808,"column":8},"end":{"line":808,"column":24}},{"start":{"line":808,"column":28},"end":{"line":808,"column":52}}],"line":808},"73":{"loc":{"start":{"line":811,"column":4},"end":{"line":813,"column":5}},"type":"if","locations":[{"start":{"line":811,"column":4},"end":{"line":813,"column":5}},{"start":{},"end":{}}],"line":811},"74":{"loc":{"start":{"line":811,"column":8},"end":{"line":811,"column":57}},"type":"binary-expr","locations":[{"start":{"line":811,"column":8},"end":{"line":811,"column":30}},{"start":{"line":811,"column":34},"end":{"line":811,"column":57}}],"line":811},"75":{"loc":{"start":{"line":816,"column":4},"end":{"line":818,"column":5}},"type":"if","locations":[{"start":{"line":816,"column":4},"end":{"line":818,"column":5}},{"start":{},"end":{}}],"line":816},"76":{"loc":{"start":{"line":822,"column":4},"end":{"line":827,"column":5}},"type":"if","locations":[{"start":{"line":822,"column":4},"end":{"line":827,"column":5}},{"start":{},"end":{}}],"line":822},"77":{"loc":{"start":{"line":831,"column":4},"end":{"line":833,"column":5}},"type":"if","locations":[{"start":{"line":831,"column":4},"end":{"line":833,"column":5}},{"start":{},"end":{}}],"line":831},"78":{"loc":{"start":{"line":838,"column":4},"end":{"line":845,"column":5}},"type":"if","locations":[{"start":{"line":838,"column":4},"end":{"line":845,"column":5}},{"start":{},"end":{}}],"line":838},"79":{"loc":{"start":{"line":839,"column":6},"end":{"line":842,"column":64}},"type":"binary-expr","locations":[{"start":{"line":839,"column":6},"end":{"line":839,"column":28}},{"start":{"line":840,"column":6},"end":{"line":840,"column":33}},{"start":{"line":841,"column":6},"end":{"line":841,"column":60}},{"start":{"line":842,"column":6},"end":{"line":842,"column":64}}],"line":839},"80":{"loc":{"start":{"line":847,"column":4},"end":{"line":851,"column":5}},"type":"if","locations":[{"start":{"line":847,"column":4},"end":{"line":851,"column":5}},{"start":{},"end":{}}],"line":847},"81":{"loc":{"start":{"line":855,"column":4},"end":{"line":857,"column":5}},"type":"if","locations":[{"start":{"line":855,"column":4},"end":{"line":857,"column":5}},{"start":{},"end":{}}],"line":855},"82":{"loc":{"start":{"line":861,"column":4},"end":{"line":867,"column":5}},"type":"if","locations":[{"start":{"line":861,"column":4},"end":{"line":867,"column":5}},{"start":{"line":864,"column":11},"end":{"line":867,"column":5}}],"line":861},"83":{"loc":{"start":{"line":884,"column":4},"end":{"line":899,"column":5}},"type":"if","locations":[{"start":{"line":884,"column":4},"end":{"line":899,"column":5}},{"start":{},"end":{}}],"line":884},"84":{"loc":{"start":{"line":884,"column":8},"end":{"line":884,"column":56}},"type":"binary-expr","locations":[{"start":{"line":884,"column":8},"end":{"line":884,"column":29}},{"start":{"line":884,"column":33},"end":{"line":884,"column":56}}],"line":884},"85":{"loc":{"start":{"line":908,"column":40},"end":{"line":910,"column":54}},"type":"cond-expr","locations":[{"start":{"line":909,"column":8},"end":{"line":909,"column":50}},{"start":{"line":910,"column":8},"end":{"line":910,"column":54}}],"line":908},"86":{"loc":{"start":{"line":919,"column":4},"end":{"line":921,"column":5}},"type":"if","locations":[{"start":{"line":919,"column":4},"end":{"line":921,"column":5}},{"start":{},"end":{}}],"line":919},"87":{"loc":{"start":{"line":935,"column":4},"end":{"line":937,"column":5}},"type":"if","locations":[{"start":{"line":935,"column":4},"end":{"line":937,"column":5}},{"start":{},"end":{}}],"line":935},"88":{"loc":{"start":{"line":951,"column":4},"end":{"line":953,"column":5}},"type":"if","locations":[{"start":{"line":951,"column":4},"end":{"line":953,"column":5}},{"start":{},"end":{}}],"line":951},"89":{"loc":{"start":{"line":954,"column":11},"end":{"line":954,"column":74}},"type":"cond-expr","locations":[{"start":{"line":954,"column":26},"end":{"line":954,"column":44}},{"start":{"line":954,"column":47},"end":{"line":954,"column":74}}],"line":954},"90":{"loc":{"start":{"line":961,"column":4},"end":{"line":967,"column":5}},"type":"if","locations":[{"start":{"line":961,"column":4},"end":{"line":967,"column":5}},{"start":{},"end":{}}],"line":961},"91":{"loc":{"start":{"line":974,"column":4},"end":{"line":1010,"column":5}},"type":"if","locations":[{"start":{"line":974,"column":4},"end":{"line":1010,"column":5}},{"start":{"line":1006,"column":11},"end":{"line":1010,"column":5}}],"line":974},"92":{"loc":{"start":{"line":974,"column":8},"end":{"line":974,"column":49}},"type":"binary-expr","locations":[{"start":{"line":974,"column":8},"end":{"line":974,"column":31}},{"start":{"line":974,"column":35},"end":{"line":974,"column":49}}],"line":974},"93":{"loc":{"start":{"line":1006,"column":11},"end":{"line":1010,"column":5}},"type":"if","locations":[{"start":{"line":1006,"column":11},"end":{"line":1010,"column":5}},{"start":{"line":1008,"column":11},"end":{"line":1010,"column":5}}],"line":1006},"94":{"loc":{"start":{"line":1016,"column":4},"end":{"line":1018,"column":5}},"type":"if","locations":[{"start":{"line":1016,"column":4},"end":{"line":1018,"column":5}},{"start":{},"end":{}}],"line":1016},"95":{"loc":{"start":{"line":1020,"column":4},"end":{"line":1022,"column":5}},"type":"if","locations":[{"start":{"line":1020,"column":4},"end":{"line":1022,"column":5}},{"start":{},"end":{}}],"line":1020},"96":{"loc":{"start":{"line":1024,"column":4},"end":{"line":1026,"column":5}},"type":"if","locations":[{"start":{"line":1024,"column":4},"end":{"line":1026,"column":5}},{"start":{},"end":{}}],"line":1024},"97":{"loc":{"start":{"line":1028,"column":4},"end":{"line":1030,"column":5}},"type":"if","locations":[{"start":{"line":1028,"column":4},"end":{"line":1030,"column":5}},{"start":{},"end":{}}],"line":1028},"98":{"loc":{"start":{"line":1028,"column":8},"end":{"line":1028,"column":40}},"type":"binary-expr","locations":[{"start":{"line":1028,"column":8},"end":{"line":1028,"column":19}},{"start":{"line":1028,"column":23},"end":{"line":1028,"column":40}}],"line":1028},"99":{"loc":{"start":{"line":1032,"column":4},"end":{"line":1034,"column":5}},"type":"if","locations":[{"start":{"line":1032,"column":4},"end":{"line":1034,"column":5}},{"start":{},"end":{}}],"line":1032},"100":{"loc":{"start":{"line":1036,"column":4},"end":{"line":1038,"column":5}},"type":"if","locations":[{"start":{"line":1036,"column":4},"end":{"line":1038,"column":5}},{"start":{},"end":{}}],"line":1036},"101":{"loc":{"start":{"line":1044,"column":4},"end":{"line":1046,"column":5}},"type":"if","locations":[{"start":{"line":1044,"column":4},"end":{"line":1046,"column":5}},{"start":{},"end":{}}],"line":1044},"102":{"loc":{"start":{"line":1044,"column":8},"end":{"line":1044,"column":65}},"type":"binary-expr","locations":[{"start":{"line":1044,"column":8},"end":{"line":1044,"column":33}},{"start":{"line":1044,"column":37},"end":{"line":1044,"column":65}}],"line":1044},"103":{"loc":{"start":{"line":1055,"column":2},"end":{"line":1057,"column":3}},"type":"if","locations":[{"start":{"line":1055,"column":2},"end":{"line":1057,"column":3}},{"start":{},"end":{}}],"line":1055}},"s":{"0":4,"1":4,"2":0,"3":0,"4":0,"5":0,"6":0,"7":0,"8":0,"9":0,"10":0,"11":0,"12":0,"13":0,"14":0,"15":0,"16":0,"17":0,"18":0,"19":0,"20":0,"21":0,"22":0,"23":0,"24":0,"25":0,"26":0,"27":0,"28":0,"29":0,"30":0,"31":4,"32":4,"33":4,"34":4,"35":4,"36":4,"37":0,"38":0,"39":0,"40":0,"41":4,"42":4,"43":4,"44":4,"45":12,"46":12,"47":12,"48":12,"49":12,"50":12,"51":0,"52":0,"53":0,"54":0,"55":0,"56":0,"57":0,"58":0,"59":0,"60":0,"61":0,"62":0,"63":0,"64":0,"65":0,"66":0,"67":0,"68":0,"69":0,"70":0,"71":0,"72":0,"73":0,"74":0,"75":0,"76":2,"77":0,"78":2,"79":1,"80":1,"81":1,"82":0,"83":1,"84":0,"85":1,"86":1,"87":1,"88":1,"89":1,"90":0,"91":0,"92":2,"93":0,"94":2,"95":1,"96":1,"97":12,"98":2,"99":0,"100":2,"101":1,"102":1,"103":12,"104":1,"105":0,"106":0,"107":0,"108":0,"109":0,"110":0,"111":0,"112":0,"113":0,"114":0,"115":0,"116":0,"117":0,"118":0,"119":0,"120":0,"121":0,"122":0,"123":0,"124":0,"125":0,"126":0,"127":0,"128":0,"129":0,"130":0,"131":0,"132":0,"133":0,"134":0,"135":0,"136":0,"137":0,"138":0,"139":0,"140":0,"141":0,"142":0,"143":0,"144":0,"145":0,"146":0,"147":0,"148":0,"149":0,"150":0,"151":0,"152":0,"153":0,"154":0,"155":0,"156":0,"157":0,"158":0,"159":0,"160":0,"161":12,"162":0,"163":0,"164":12,"165":0,"166":0,"167":12,"168":0,"169":0,"170":12,"171":3,"172":1,"173":3,"174":1,"175":12,"176":0,"177":0,"178":12,"179":0,"180":0,"181":12,"182":0,"183":0,"184":12,"185":3,"186":5,"187":5,"188":1,"189":4,"190":3,"191":3,"192":3,"193":12,"194":0,"195":0,"196":12,"197":0,"198":0,"199":0,"200":0,"201":0,"202":0,"203":0,"204":0,"205":0,"206":0,"207":0,"208":0,"209":0,"210":0,"211":0,"212":0,"213":0,"214":0,"215":0,"216":0,"217":0,"218":0,"219":0,"220":0,"221":12,"222":0,"223":0,"224":0,"225":0,"226":12,"227":0,"228":12,"229":0,"230":0,"231":0,"232":0,"233":0,"234":0,"235":0,"236":0,"237":0,"238":0,"239":0,"240":0,"241":0,"242":0,"243":0,"244":0,"245":0,"246":0,"247":0,"248":0,"249":0,"250":0,"251":0,"252":0,"253":0,"254":0,"255":0,"256":0,"257":4,"258":2,"259":2,"260":0},"f":{"0":0,"1":0,"2":0,"3":12,"4":0,"5":0,"6":0,"7":2,"8":1,"9":1,"10":2,"11":2,"12":1,"13":0,"14":0,"15":0,"16":0,"17":0,"18":0,"19":0,"20":0,"21":0,"22":0,"23":0,"24":0,"25":0,"26":0,"27":3,"28":0,"29":0,"30":0,"31":3,"32":5,"33":0,"34":0,"35":0,"36":0,"37":0,"38":0,"39":0,"40":0,"41":0,"42":0,"43":0,"44":0,"45":0,"46":2},"b":{"0":[0,0],"1":[0,0],"2":[0,0],"3":[0,0],"4":[0,0],"5":[0,0],"6":[0,0],"7":[0,0],"8":[0,0],"9":[0,0],"10":[0,0],"11":[0,0],"12":[0,0],"13":[4,0],"14":[4,0],"15":[4,0],"16":[4,0],"17":[4,0],"18":[4,0],"19":[4,0],"20":[4,4],"21":[4,0],"22":[4,4],"23":[4,0],"24":[4,0],"25":[4,0],"26":[4,0],"27":[4,0],"28":[0,0],"29":[0,0],"30":[0,0],"31":[0,0],"32":[0,0],"33":[0,0],"34":[0,0],"35":[0,0],"36":[0,0],"37":[0,2],"38":[1,1],"39":[0,1],"40":[0,1],"41":[1,0],"42":[0,2],"43":[1,1],"44":[0,2],"45":[1,1],"46":[0,0],"47":[0,0],"48":[0,0],"49":[0,0],"50":[0,0],"51":[0,0],"52":[0,0],"53":[0,0],"54":[0,0],"55":[0,0],"56":[0,0],"57":[0,0],"58":[0,0],"59":[0,0],"60":[0,0,0],"61":[0,0],"62":[0,0],"63":[0,0],"64":[0,0],"65":[0,0],"66":[0,0],"67":[0,0],"68":[0,0],"69":[0,0],"70":[0,0],"71":[1,2],"72":[3,2],"73":[1,2],"74":[3,2],"75":[0,0],"76":[0,0],"77":[0,0],"78":[1,4],"79":[5,2,2,1],"80":[3,1],"81":[0,0],"82":[0,0],"83":[0,0],"84":[0,0],"85":[0,0],"86":[0,0],"87":[0,0],"88":[0,0],"89":[0,0],"90":[0,0],"91":[0,0],"92":[0,0],"93":[0,0],"94":[0,0],"95":[0,0],"96":[0,0],"97":[0,0],"98":[0,0],"99":[0,0],"100":[0,0],"101":[0,0],"102":[0,0],"103":[2,0]},"_coverageSchema":"1a1c01bbd47fc00a2c39e90264f33305004495a9","hash":"df1e21405b439fdcf2c3dda1d902a02883b2bb38"}
,"D:\\work_file\\tpc\\react-native-camera\\react-native-camera-sig\\src\\index.js": {"path":"D:\\work_file\\tpc\\react-native-camera\\react-native-camera-sig\\src\\index.js","statementMap":{},"fnMap":{},"branchMap":{},"s":{},"f":{},"b":{},"_coverageSchema":"1a1c01bbd47fc00a2c39e90264f33305004495a9","hash":"9606ceff87ebb292d629f8d97d4d3927bf883749"}
}
