TN:
SF:src\FaceDetector.js
FN:11,(anonymous_0)
FN:11,(anonymous_1)
FN:55,(anonymous_2)
FNF:3
FNH:1
FNDA:0,(anonymous_0)
FNDA:0,(anonymous_1)
FNDA:1,(anonymous_2)
DA:4,1
DA:6,1
DA:11,0
DA:49,1
DA:56,1
DA:60,1
LF:6
LH:5
BRDA:6,0,0,1
BRDA:6,0,1,0
BRF:2
BRH:1
end_of_record
TN:
SF:src\RNCamera.js
FN:27,(anonymous_0)
FN:399,(anonymous_1)
FN:401,(anonymous_2)
FN:556,(anonymous_3)
FN:568,(anonymous_4)
FN:601,(anonymous_5)
FN:603,(anonymous_6)
FN:617,(anonymous_7)
FN:627,(anonymous_8)
FN:633,(anonymous_9)
FN:646,(anonymous_10)
FN:656,(anonymous_11)
FN:666,(anonymous_12)
FN:671,(anonymous_13)
FN:720,(anonymous_14)
FN:722,(anonymous_15)
FN:735,(anonymous_16)
FN:742,(anonymous_17)
FN:749,(anonymous_18)
FN:756,(anonymous_19)
FN:764,(anonymous_20)
FN:768,(anonymous_21)
FN:770,(anonymous_22)
FN:783,(anonymous_23)
FN:790,(anonymous_24)
FN:796,(anonymous_25)
FN:802,(anonymous_26)
FN:807,(anonymous_27)
FN:815,(anonymous_28)
FN:821,(anonymous_29)
FN:830,(anonymous_30)
FN:836,(anonymous_31)
FN:836,(anonymous_32)
FN:854,(anonymous_33)
FN:860,(anonymous_34)
FN:870,(anonymous_35)
FN:874,(anonymous_36)
FN:914,(anonymous_37)
FN:930,(anonymous_38)
FN:949,(anonymous_39)
FN:958,(anonymous_40)
FN:960,(anonymous_41)
FN:971,(anonymous_42)
FN:985,(anonymous_43)
FN:1013,(anonymous_44)
FN:1043,(anonymous_45)
FN:1054,hasTorch
FNF:47
FNH:11
FNDA:0,(anonymous_0)
FNDA:0,(anonymous_1)
FNDA:0,(anonymous_2)
FNDA:12,(anonymous_3)
FNDA:0,(anonymous_4)
FNDA:0,(anonymous_5)
FNDA:0,(anonymous_6)
FNDA:2,(anonymous_7)
FNDA:1,(anonymous_8)
FNDA:1,(anonymous_9)
FNDA:2,(anonymous_10)
FNDA:2,(anonymous_11)
FNDA:1,(anonymous_12)
FNDA:0,(anonymous_13)
FNDA:0,(anonymous_14)
FNDA:0,(anonymous_15)
FNDA:0,(anonymous_16)
FNDA:0,(anonymous_17)
FNDA:0,(anonymous_18)
FNDA:0,(anonymous_19)
FNDA:0,(anonymous_20)
FNDA:0,(anonymous_21)
FNDA:0,(anonymous_22)
FNDA:0,(anonymous_23)
FNDA:0,(anonymous_24)
FNDA:0,(anonymous_25)
FNDA:0,(anonymous_26)
FNDA:3,(anonymous_27)
FNDA:0,(anonymous_28)
FNDA:0,(anonymous_29)
FNDA:0,(anonymous_30)
FNDA:3,(anonymous_31)
FNDA:5,(anonymous_32)
FNDA:0,(anonymous_33)
FNDA:0,(anonymous_34)
FNDA:0,(anonymous_35)
FNDA:0,(anonymous_36)
FNDA:0,(anonymous_37)
FNDA:0,(anonymous_38)
FNDA:0,(anonymous_39)
FNDA:0,(anonymous_40)
FNDA:0,(anonymous_41)
FNDA:0,(anonymous_42)
FNDA:0,(anonymous_43)
FNDA:0,(anonymous_44)
FNDA:0,(anonymous_45)
FNDA:2,hasTorch
DA:19,4
DA:27,4
DA:33,0
DA:34,0
DA:35,0
DA:36,0
DA:37,0
DA:38,0
DA:42,0
DA:43,0
DA:45,0
DA:47,0
DA:48,0
DA:49,0
DA:50,0
DA:53,0
DA:54,0
DA:55,0
DA:56,0
DA:57,0
DA:58,0
DA:62,0
DA:63,0
DA:65,0
DA:67,0
DA:69,0
DA:75,0
DA:76,0
DA:77,0
DA:78,0
DA:82,0
DA:88,4
DA:317,4
DA:327,4
DA:333,4
DA:397,4
DA:399,4
DA:400,0
DA:401,0
DA:402,0
DA:404,0
DA:408,4
DA:433,4
DA:447,4
DA:509,4
DA:550,12
DA:557,12
DA:558,12
DA:559,12
DA:560,12
DA:561,12
DA:569,0
DA:570,0
DA:572,0
DA:573,0
DA:576,0
DA:577,0
DA:578,0
DA:579,0
DA:580,0
DA:581,0
DA:583,0
DA:589,0
DA:590,0
DA:593,0
DA:594,0
DA:597,0
DA:598,0
DA:601,0
DA:602,0
DA:603,0
DA:604,0
DA:605,0
DA:608,0
DA:611,0
DA:612,0
DA:618,2
DA:619,0
DA:620,2
DA:621,1
DA:623,1
DA:628,1
DA:629,0
DA:630,1
DA:631,0
DA:632,1
DA:633,1
DA:634,1
DA:635,1
DA:636,1
DA:639,0
DA:640,0
DA:647,2
DA:648,0
DA:649,2
DA:650,1
DA:652,1
DA:656,12
DA:657,2
DA:658,0
DA:659,2
DA:660,1
DA:662,1
DA:666,12
DA:668,1
DA:672,0
DA:673,0
DA:674,0
DA:675,0
DA:677,0
DA:678,0
DA:679,0
DA:680,0
DA:681,0
DA:682,0
DA:684,0
DA:690,0
DA:691,0
DA:693,0
DA:697,0
DA:698,0
DA:700,0
DA:704,0
DA:707,0
DA:708,0
DA:713,0
DA:716,0
DA:717,0
DA:720,0
DA:721,0
DA:722,0
DA:723,0
DA:724,0
DA:726,0
DA:729,0
DA:730,0
DA:736,0
DA:737,0
DA:739,0
DA:743,0
DA:744,0
DA:746,0
DA:750,0
DA:751,0
DA:753,0
DA:757,0
DA:758,0
DA:761,0
DA:765,0
DA:766,0
DA:768,0
DA:769,0
DA:770,0
DA:771,0
DA:772,0
DA:774,0
DA:777,0
DA:778,0
DA:784,0
DA:785,0
DA:787,0
DA:790,12
DA:791,0
DA:792,0
DA:796,12
DA:797,0
DA:798,0
DA:802,12
DA:803,0
DA:804,0
DA:807,12
DA:808,3
DA:809,1
DA:811,3
DA:812,1
DA:815,12
DA:816,0
DA:817,0
DA:821,12
DA:822,0
DA:823,0
DA:830,12
DA:831,0
DA:832,0
DA:836,12
DA:837,5
DA:838,5
DA:844,1
DA:847,4
DA:848,3
DA:849,3
DA:850,3
DA:854,12
DA:855,0
DA:856,0
DA:860,12
DA:861,0
DA:862,0
DA:863,0
DA:865,0
DA:866,0
DA:871,0
DA:880,0
DA:882,0
DA:883,0
DA:884,0
DA:886,0
DA:889,0
DA:894,0
DA:901,0
DA:908,0
DA:911,0
DA:918,0
DA:919,0
DA:920,0
DA:923,0
DA:934,0
DA:935,0
DA:936,0
DA:939,0
DA:949,12
DA:950,0
DA:951,0
DA:952,0
DA:954,0
DA:958,12
DA:960,12
DA:961,0
DA:962,0
DA:968,0
DA:972,0
DA:974,0
DA:975,0
DA:986,0
DA:987,0
DA:1006,0
DA:1007,0
DA:1009,0
DA:1014,0
DA:1016,0
DA:1017,0
DA:1020,0
DA:1021,0
DA:1024,0
DA:1025,0
DA:1028,0
DA:1029,0
DA:1032,0
DA:1033,0
DA:1036,0
DA:1037,0
DA:1040,0
DA:1044,0
DA:1045,0
DA:1048,0
DA:1052,4
DA:1055,2
DA:1056,2
DA:1058,0
LF:259
LH:67
BRDA:35,0,0,0
BRDA:35,0,1,0
BRDA:37,1,0,0
BRDA:37,1,1,0
BRDA:42,2,0,0
BRDA:42,2,1,0
BRDA:47,3,0,0
BRDA:47,3,1,0
BRDA:49,4,0,0
BRDA:49,4,1,0
BRDA:53,5,0,0
BRDA:53,5,1,0
BRDA:54,6,0,0
BRDA:54,6,1,0
BRDA:56,7,0,0
BRDA:56,7,1,0
BRDA:57,8,0,0
BRDA:57,8,1,0
BRDA:62,9,0,0
BRDA:62,9,1,0
BRDA:67,10,0,0
BRDA:67,10,1,0
BRDA:75,11,0,0
BRDA:75,11,1,0
BRDA:77,12,0,0
BRDA:77,12,1,0
BRDA:439,13,0,4
BRDA:439,13,1,0
BRDA:440,14,0,4
BRDA:440,14,1,0
BRDA:441,15,0,4
BRDA:441,15,1,0
BRDA:442,16,0,4
BRDA:442,16,1,0
BRDA:443,17,0,4
BRDA:443,17,1,0
BRDA:444,18,0,4
BRDA:444,18,1,0
BRDA:518,19,0,4
BRDA:518,19,1,0
BRDA:520,20,0,4
BRDA:520,20,1,4
BRDA:520,21,0,4
BRDA:520,21,1,0
BRDA:522,22,0,4
BRDA:522,22,1,4
BRDA:522,23,0,4
BRDA:522,23,1,0
BRDA:524,24,0,4
BRDA:524,24,1,0
BRDA:524,25,0,4
BRDA:524,25,1,0
BRDA:525,26,0,4
BRDA:525,26,1,0
BRDA:525,27,0,4
BRDA:525,27,1,0
BRDA:569,28,0,0
BRDA:569,28,1,0
BRDA:572,29,0,0
BRDA:572,29,1,0
BRDA:576,30,0,0
BRDA:576,30,1,0
BRDA:577,31,0,0
BRDA:577,31,1,0
BRDA:580,32,0,0
BRDA:580,32,1,0
BRDA:581,33,0,0
BRDA:581,33,1,0
BRDA:589,34,0,0
BRDA:589,34,1,0
BRDA:593,35,0,0
BRDA:593,35,1,0
BRDA:597,36,0,0
BRDA:597,36,1,0
BRDA:618,37,0,0
BRDA:618,37,1,2
BRDA:620,38,0,1
BRDA:620,38,1,1
BRDA:628,39,0,0
BRDA:628,39,1,1
BRDA:630,40,0,0
BRDA:630,40,1,1
BRDA:632,41,0,1
BRDA:632,41,1,0
BRDA:647,42,0,0
BRDA:647,42,1,2
BRDA:649,43,0,1
BRDA:649,43,1,1
BRDA:657,44,0,0
BRDA:657,44,1,2
BRDA:659,45,0,1
BRDA:659,45,1,1
BRDA:672,46,0,0
BRDA:672,46,1,0
BRDA:672,47,0,0
BRDA:672,47,1,0
BRDA:674,48,0,0
BRDA:674,48,1,0
BRDA:677,49,0,0
BRDA:677,49,1,0
BRDA:678,50,0,0
BRDA:678,50,1,0
BRDA:681,51,0,0
BRDA:681,51,1,0
BRDA:682,52,0,0
BRDA:682,52,1,0
BRDA:690,53,0,0
BRDA:690,53,1,0
BRDA:691,54,0,0
BRDA:691,54,1,0
BRDA:691,55,0,0
BRDA:691,55,1,0
BRDA:700,56,0,0
BRDA:700,56,1,0
BRDA:701,57,0,0
BRDA:701,57,1,0
BRDA:707,58,0,0
BRDA:707,58,1,0
BRDA:708,59,0,0
BRDA:708,59,1,0
BRDA:709,60,0,0
BRDA:709,60,1,0
BRDA:709,60,2,0
BRDA:716,61,0,0
BRDA:716,61,1,0
BRDA:736,62,0,0
BRDA:736,62,1,0
BRDA:743,63,0,0
BRDA:743,63,1,0
BRDA:750,64,0,0
BRDA:750,64,1,0
BRDA:757,65,0,0
BRDA:757,65,1,0
BRDA:765,66,0,0
BRDA:765,66,1,0
BRDA:784,67,0,0
BRDA:784,67,1,0
BRDA:791,68,0,0
BRDA:791,68,1,0
BRDA:797,69,0,0
BRDA:797,69,1,0
BRDA:803,70,0,0
BRDA:803,70,1,0
BRDA:808,71,0,1
BRDA:808,71,1,2
BRDA:808,72,0,3
BRDA:808,72,1,2
BRDA:811,73,0,1
BRDA:811,73,1,2
BRDA:811,74,0,3
BRDA:811,74,1,2
BRDA:816,75,0,0
BRDA:816,75,1,0
BRDA:822,76,0,0
BRDA:822,76,1,0
BRDA:831,77,0,0
BRDA:831,77,1,0
BRDA:838,78,0,1
BRDA:838,78,1,4
BRDA:839,79,0,5
BRDA:839,79,1,2
BRDA:839,79,2,2
BRDA:839,79,3,1
BRDA:847,80,0,3
BRDA:847,80,1,1
BRDA:855,81,0,0
BRDA:855,81,1,0
BRDA:861,82,0,0
BRDA:861,82,1,0
BRDA:884,83,0,0
BRDA:884,83,1,0
BRDA:884,84,0,0
BRDA:884,84,1,0
BRDA:908,85,0,0
BRDA:908,85,1,0
BRDA:919,86,0,0
BRDA:919,86,1,0
BRDA:935,87,0,0
BRDA:935,87,1,0
BRDA:951,88,0,0
BRDA:951,88,1,0
BRDA:954,89,0,0
BRDA:954,89,1,0
BRDA:961,90,0,0
BRDA:961,90,1,0
BRDA:974,91,0,0
BRDA:974,91,1,0
BRDA:974,92,0,0
BRDA:974,92,1,0
BRDA:1006,93,0,0
BRDA:1006,93,1,0
BRDA:1016,94,0,0
BRDA:1016,94,1,0
BRDA:1020,95,0,0
BRDA:1020,95,1,0
BRDA:1024,96,0,0
BRDA:1024,96,1,0
BRDA:1028,97,0,0
BRDA:1028,97,1,0
BRDA:1028,98,0,0
BRDA:1028,98,1,0
BRDA:1032,99,0,0
BRDA:1032,99,1,0
BRDA:1036,100,0,0
BRDA:1036,100,1,0
BRDA:1044,101,0,0
BRDA:1044,101,1,0
BRDA:1044,102,0,0
BRDA:1044,102,1,0
BRDA:1055,103,0,2
BRDA:1055,103,1,0
BRF:211
BRH:46
end_of_record
TN:
SF:src\index.js
FNF:0
FNH:0
LF:0
LH:0
BRF:0
BRH:0
end_of_record
